[debug] ----------------------------------------------------------------------
[debug] Command:      /usr/local/bin/node /usr/local/bin/firebase login
[debug] CLI Version:  3.2.1
[debug] Platform:     darwin
[debug] Node Version: v6.9.2
[debug] Time:         Sun Jan 22 2017 02:31:41 GMT-0500 (EST)
[debug] ----------------------------------------------------------------------
[debug] 
[info] 
[info] Visit this URL on any device to log in:
[info] https://accounts.google.com/o/oauth2/auth?client_id=563584335869-fgrhgmd47bqnekij5i8b5pr03ho849e6.apps.googleusercontent.com&scope=email%20openid%20https%3A%2F%2Fwww.googleapis.com%2Fauth%2Fcloudplatformprojects.readonly%20https%3A%2F%2Fwww.googleapis.com%2Fauth%2Ffirebase&response_type=code&state=515486037&redirect_uri=http%3A%2F%2Flocalhost%3A9005
[info] 
[info] Waiting for authentication...
[debug] ----------------------------------------------------------------------
[debug] Command:      /usr/local/bin/node /usr/local/bin/firebase serve
[debug] CLI Version:  3.2.1
[debug] Platform:     darwin
[debug] Node Version: v6.9.2
[debug] Time:         Sun Jan 22 2017 02:32:11 GMT-0500 (EST)
[debug] ----------------------------------------------------------------------
[debug] 
[info] Starting Firebase development server...
[info] 
[info] Project Directory: /Users/Waznop/Desktop/Coding/ConUHacksII/ConUHacks-II/chatbot/web-start
[info] Public Directory: ./
[info] 
[info] Server listening at: http://localhost:5000
